
*** Running vivado
    with args -log Top.vdi -applog -m64 -product Vivado -messageDb vivado.pb -mode batch -source Top.tcl -notrace


****** Vivado v2018.3 (64-bit)
  **** SW Build 2405991 on Thu Dec  6 23:38:27 MST 2018
  **** IP Build 2404404 on Fri Dec  7 01:43:56 MST 2018
    ** Copyright 1986-2018 Xilinx, Inc. All Rights Reserved.

source Top.tcl -notrace
Command: link_design -top Top -part xc7a35tcpg236-1
Design is defaulting to srcset: sources_1
Design is defaulting to constrset: constrs_1
INFO: [Netlist 29-17] Analyzing 23 Unisim elements for replacement
INFO: [Netlist 29-28] Unisim Transformation completed in 0 CPU seconds
INFO: [Project 1-479] Netlist was created with Vivado 2018.3
INFO: [Device 21-403] Loading part xc7a35tcpg236-1
INFO: [Project 1-570] Preparing netlist for logic optimization
Parsing XDC File [C:/DATA/HW SYN LAB/Final Project/Undertale/Undertale.srcs/constrs_1/new/basys3.xdc]
WARNING: [Vivado 12-584] No ports matched 'btnU'. [C:/DATA/HW SYN LAB/Final Project/Undertale/Undertale.srcs/constrs_1/new/basys3.xdc:16]
CRITICAL WARNING: [Common 17-55] 'set_property' expects at least one object. [C:/DATA/HW SYN LAB/Final Project/Undertale/Undertale.srcs/constrs_1/new/basys3.xdc:16]
Resolution: If [get_<value>] was used to populate the object, check to make sure this command returns at least one valid object.
WARNING: [Vivado 12-584] No ports matched 'btnU'. [C:/DATA/HW SYN LAB/Final Project/Undertale/Undertale.srcs/constrs_1/new/basys3.xdc:17]
CRITICAL WARNING: [Common 17-55] 'set_property' expects at least one object. [C:/DATA/HW SYN LAB/Final Project/Undertale/Undertale.srcs/constrs_1/new/basys3.xdc:17]
Resolution: If [get_<value>] was used to populate the object, check to make sure this command returns at least one valid object.
WARNING: [Vivado 12-584] No ports matched 'btnD'. [C:/DATA/HW SYN LAB/Final Project/Undertale/Undertale.srcs/constrs_1/new/basys3.xdc:22]
CRITICAL WARNING: [Common 17-55] 'set_property' expects at least one object. [C:/DATA/HW SYN LAB/Final Project/Undertale/Undertale.srcs/constrs_1/new/basys3.xdc:22]
Resolution: If [get_<value>] was used to populate the object, check to make sure this command returns at least one valid object.
WARNING: [Vivado 12-584] No ports matched 'btnD'. [C:/DATA/HW SYN LAB/Final Project/Undertale/Undertale.srcs/constrs_1/new/basys3.xdc:23]
CRITICAL WARNING: [Common 17-55] 'set_property' expects at least one object. [C:/DATA/HW SYN LAB/Final Project/Undertale/Undertale.srcs/constrs_1/new/basys3.xdc:23]
Resolution: If [get_<value>] was used to populate the object, check to make sure this command returns at least one valid object.
Finished Parsing XDC File [C:/DATA/HW SYN LAB/Final Project/Undertale/Undertale.srcs/constrs_1/new/basys3.xdc]
INFO: [Opt 31-138] Pushed 0 inverter(s) to 0 load pin(s).
Netlist sorting complete. Time (s): cpu = 00:00:00 ; elapsed = 00:00:00 . Memory (MB): peak = 589.164 ; gain = 0.000
INFO: [Project 1-111] Unisim Transformation Summary:
No Unisim elements were transformed.

7 Infos, 4 Warnings, 4 Critical Warnings and 0 Errors encountered.
link_design completed successfully
link_design: Time (s): cpu = 00:00:05 ; elapsed = 00:00:07 . Memory (MB): peak = 593.176 ; gain = 321.914
Command: opt_design
Attempting to get a license for feature 'Implementation' and/or device 'xc7a35t'
INFO: [Common 17-349] Got license for feature 'Implementation' and/or device 'xc7a35t'
Running DRC as a precondition to command opt_design

Starting DRC Task
INFO: [DRC 23-27] Running DRC with 2 threads
INFO: [Project 1-461] DRC finished with 0 Errors
INFO: [Project 1-462] Please refer to the DRC report (report_drc) for more information.

Time (s): cpu = 00:00:01 ; elapsed = 00:00:00.610 . Memory (MB): peak = 601.473 ; gain = 8.297

Starting Cache Timing Information Task
INFO: [Timing 38-35] Done setting XDC timing constraints.
Ending Cache Timing Information Task | Checksum: 2784f3946

Time (s): cpu = 00:00:10 ; elapsed = 00:00:10 . Memory (MB): peak = 1138.520 ; gain = 537.047

Starting Logic Optimization Task

Phase 1 Retarget
INFO: [Opt 31-138] Pushed 0 inverter(s) to 0 load pin(s).
INFO: [Opt 31-49] Retargeted 0 cell(s).
Phase 1 Retarget | Checksum: 23bc40b57

Time (s): cpu = 00:00:00 ; elapsed = 00:00:00.027 . Memory (MB): peak = 1235.266 ; gain = 0.000
INFO: [Opt 31-389] Phase Retarget created 0 cells and removed 4 cells

Phase 2 Constant propagation
INFO: [Opt 31-138] Pushed 0 inverter(s) to 0 load pin(s).
Phase 2 Constant propagation | Checksum: 25d37a621

Time (s): cpu = 00:00:00 ; elapsed = 00:00:00.031 . Memory (MB): peak = 1235.266 ; gain = 0.000
INFO: [Opt 31-389] Phase Constant propagation created 0 cells and removed 0 cells

Phase 3 Sweep
Phase 3 Sweep | Checksum: 23fef730a

Time (s): cpu = 00:00:00 ; elapsed = 00:00:00.042 . Memory (MB): peak = 1235.266 ; gain = 0.000
INFO: [Opt 31-389] Phase Sweep created 3 cells and removed 0 cells

Phase 4 BUFG optimization
Phase 4 BUFG optimization | Checksum: 23fef730a

Time (s): cpu = 00:00:00 ; elapsed = 00:00:00.049 . Memory (MB): peak = 1235.266 ; gain = 0.000
INFO: [Opt 31-662] Phase BUFG optimization created 0 cells of which 0 are BUFGs and removed 0 cells.

Phase 5 Shift Register Optimization
Phase 5 Shift Register Optimization | Checksum: 1f517ce38

Time (s): cpu = 00:00:00 ; elapsed = 00:00:00.081 . Memory (MB): peak = 1235.266 ; gain = 0.000
INFO: [Opt 31-389] Phase Shift Register Optimization created 0 cells and removed 0 cells

Phase 6 Post Processing Netlist
Phase 6 Post Processing Netlist | Checksum: 1f517ce38

Time (s): cpu = 00:00:00 ; elapsed = 00:00:00.084 . Memory (MB): peak = 1235.266 ; gain = 0.000
INFO: [Opt 31-389] Phase Post Processing Netlist created 0 cells and removed 0 cells
Opt_design Change Summary
=========================


-------------------------------------------------------------------------------------------------------------------------
|  Phase                        |  #Cells created  |  #Cells Removed  |  #Constrained objects preventing optimizations  |
-------------------------------------------------------------------------------------------------------------------------
|  Retarget                     |               0  |               4  |                                              0  |
|  Constant propagation         |               0  |               0  |                                              0  |
|  Sweep                        |               3  |               0  |                                              0  |
|  BUFG optimization            |               0  |               0  |                                              0  |
|  Shift Register Optimization  |               0  |               0  |                                              0  |
|  Post Processing Netlist      |               0  |               0  |                                              0  |
-------------------------------------------------------------------------------------------------------------------------



Starting Connectivity Check Task

Time (s): cpu = 00:00:00 ; elapsed = 00:00:00.001 . Memory (MB): peak = 1235.266 ; gain = 0.000
Ending Logic Optimization Task | Checksum: 1f517ce38

Time (s): cpu = 00:00:00 ; elapsed = 00:00:00.087 . Memory (MB): peak = 1235.266 ; gain = 0.000

Starting Power Optimization Task
INFO: [Pwropt 34-132] Skipping clock gating for clocks with a period < 2.00 ns.
INFO: [Timing 38-35] Done setting XDC timing constraints.
INFO: [Pwropt 34-9] Applying IDT optimizations ...
INFO: [Pwropt 34-10] Applying ODC optimizations ...
INFO: [Physopt 32-619] Estimated Timing Summary | WNS=5.085 | TNS=0.000 |
Running Vector-less Activity Propagation...

Finished Running Vector-less Activity Propagation


Starting PowerOpt Patch Enables Task
INFO: [Pwropt 34-162] WRITE_MODE attribute of 0 BRAM(s) out of a total of 1 has been updated to save power. Run report_power_opt to get a complete listing of the BRAMs updated.
INFO: [Pwropt 34-201] Structural ODC has moved 0 WE to EN ports
Number of BRAM Ports augmented: 0 newly gated: 1 Total Ports: 2
Number of Flops added for Enable Generation: 2

Ending PowerOpt Patch Enables Task | Checksum: 190e08f0b

Time (s): cpu = 00:00:00 ; elapsed = 00:00:00.013 . Memory (MB): peak = 1356.266 ; gain = 0.000
Ending Power Optimization Task | Checksum: 190e08f0b

Time (s): cpu = 00:00:01 ; elapsed = 00:00:00.477 . Memory (MB): peak = 1356.266 ; gain = 121.000

Starting Final Cleanup Task

Starting Logic Optimization Task
INFO: [Timing 38-35] Done setting XDC timing constraints.
Ending Logic Optimization Task | Checksum: 22550ed3e

Time (s): cpu = 00:00:00 ; elapsed = 00:00:00.035 . Memory (MB): peak = 1356.266 ; gain = 0.000
Ending Final Cleanup Task | Checksum: 22550ed3e

Time (s): cpu = 00:00:01 ; elapsed = 00:00:01 . Memory (MB): peak = 1356.266 ; gain = 0.000

Starting Netlist Obfuscation Task
Netlist sorting complete. Time (s): cpu = 00:00:00 ; elapsed = 00:00:00.001 . Memory (MB): peak = 1356.266 ; gain = 0.000
Ending Netlist Obfuscation Task | Checksum: 22550ed3e

Time (s): cpu = 00:00:00 ; elapsed = 00:00:00.001 . Memory (MB): peak = 1356.266 ; gain = 0.000
INFO: [Common 17-83] Releasing license: Implementation
30 Infos, 4 Warnings, 4 Critical Warnings and 0 Errors encountered.
opt_design completed successfully
opt_design: Time (s): cpu = 00:00:14 ; elapsed = 00:00:13 . Memory (MB): peak = 1356.266 ; gain = 763.090
Netlist sorting complete. Time (s): cpu = 00:00:00 ; elapsed = 00:00:00 . Memory (MB): peak = 1356.266 ; gain = 0.000
INFO: [Timing 38-480] Writing timing data to binary archive.
Writing placer database...
Writing XDEF routing.
Writing XDEF routing logical nets.
Writing XDEF routing special nets.
Write XDEF Complete: Time (s): cpu = 00:00:00 ; elapsed = 00:00:00.043 . Memory (MB): peak = 1356.266 ; gain = 0.000
Netlist sorting complete. Time (s): cpu = 00:00:00 ; elapsed = 00:00:00 . Memory (MB): peak = 1356.266 ; gain = 0.000
INFO: [Common 17-1381] The checkpoint 'C:/DATA/HW SYN LAB/Final Project/Undertale/Undertale.runs/impl_1/Top_opt.dcp' has been generated.
INFO: [runtcl-4] Executing : report_drc -file Top_drc_opted.rpt -pb Top_drc_opted.pb -rpx Top_drc_opted.rpx
Command: report_drc -file Top_drc_opted.rpt -pb Top_drc_opted.pb -rpx Top_drc_opted.rpx
INFO: [IP_Flow 19-234] Refreshing IP repositories
INFO: [IP_Flow 19-1704] No user IP repositories specified
INFO: [IP_Flow 19-2313] Loaded Vivado IP repository 'C:/Xilinx/Vivado/2018.3/data/ip'.
INFO: [DRC 23-27] Running DRC with 2 threads
INFO: [Coretcl 2-168] The results of DRC are in file C:/DATA/HW SYN LAB/Final Project/Undertale/Undertale.runs/impl_1/Top_drc_opted.rpt.
report_drc completed successfully
Command: place_design
Attempting to get a license for feature 'Implementation' and/or device 'xc7a35t'
INFO: [Common 17-349] Got license for feature 'Implementation' and/or device 'xc7a35t'
INFO: [DRC 23-27] Running DRC with 2 threads
INFO: [Vivado_Tcl 4-198] DRC finished with 0 Errors
INFO: [Vivado_Tcl 4-199] Please refer to the DRC report (report_drc) for more information.
Running DRC as a precondition to command place_design
INFO: [DRC 23-27] Running DRC with 2 threads
INFO: [Vivado_Tcl 4-198] DRC finished with 0 Errors
INFO: [Vivado_Tcl 4-199] Please refer to the DRC report (report_drc) for more information.

Starting Placer Task
INFO: [Place 30-611] Multithreading enabled for place_design using a maximum of 2 CPUs

Phase 1 Placer Initialization

Phase 1.1 Placer Initialization Netlist Sorting
Netlist sorting complete. Time (s): cpu = 00:00:00 ; elapsed = 00:00:00.001 . Memory (MB): peak = 1356.266 ; gain = 0.000
Phase 1.1 Placer Initialization Netlist Sorting | Checksum: 173bb4196

Time (s): cpu = 00:00:00 ; elapsed = 00:00:00.004 . Memory (MB): peak = 1356.266 ; gain = 0.000
Netlist sorting complete. Time (s): cpu = 00:00:00 ; elapsed = 00:00:00 . Memory (MB): peak = 1356.266 ; gain = 0.000

Phase 1.2 IO Placement/ Clock Placement/ Build Placer Device
INFO: [Timing 38-35] Done setting XDC timing constraints.
Phase 1.2 IO Placement/ Clock Placement/ Build Placer Device | Checksum: b80d9aa1

Time (s): cpu = 00:00:01 ; elapsed = 00:00:00.760 . Memory (MB): peak = 1356.266 ; gain = 0.000

Phase 1.3 Build Placer Netlist Model
Phase 1.3 Build Placer Netlist Model | Checksum: ef5887b3

Time (s): cpu = 00:00:01 ; elapsed = 00:00:00.882 . Memory (MB): peak = 1356.266 ; gain = 0.000

Phase 1.4 Constrain Clocks/Macros
Phase 1.4 Constrain Clocks/Macros | Checksum: ef5887b3

Time (s): cpu = 00:00:01 ; elapsed = 00:00:00.884 . Memory (MB): peak = 1356.266 ; gain = 0.000
Phase 1 Placer Initialization | Checksum: ef5887b3

Time (s): cpu = 00:00:01 ; elapsed = 00:00:00.885 . Memory (MB): peak = 1356.266 ; gain = 0.000

Phase 2 Global Placement

Phase 2.1 Floorplanning
Phase 2.1 Floorplanning | Checksum: b9c95268

Time (s): cpu = 00:00:01 ; elapsed = 00:00:00.936 . Memory (MB): peak = 1356.266 ; gain = 0.000

Phase 2.2 Physical Synthesis In Placer
INFO: [Physopt 32-65] No nets found for high-fanout optimization.
INFO: [Physopt 32-232] Optimized 0 net. Created 0 new instance.
INFO: [Physopt 32-775] End 1 Pass. Optimized 0 net or cell. Created 0 new cell, deleted 0 existing cell and moved 0 existing cell
INFO: [Physopt 32-670] No setup violation found.  DSP Register Optimization was not performed.
INFO: [Physopt 32-670] No setup violation found.  Shift Register Optimization was not performed.
INFO: [Physopt 32-670] No setup violation found.  BRAM Register Optimization was not performed.
INFO: [Physopt 32-949] No candidate nets found for HD net replication
INFO: [Physopt 32-775] End 1 Pass. Optimized 0 net or cell. Created 0 new cell, deleted 0 existing cell and moved 0 existing cell
Netlist sorting complete. Time (s): cpu = 00:00:00 ; elapsed = 00:00:00.001 . Memory (MB): peak = 1356.266 ; gain = 0.000

Summary of Physical Synthesis Optimizations
============================================


----------------------------------------------------------------------------------------------------------------------------------------
|  Optimization                  |  Added Cells  |  Removed Cells  |  Optimized Cells/Nets  |  Dont Touch  |  Iterations  |  Elapsed   |
----------------------------------------------------------------------------------------------------------------------------------------
|  Very High Fanout              |            0  |              0  |                     0  |           0  |           1  |  00:00:00  |
|  DSP Register                  |            0  |              0  |                     0  |           0  |           0  |  00:00:00  |
|  Shift Register                |            0  |              0  |                     0  |           0  |           0  |  00:00:00  |
|  BRAM Register                 |            0  |              0  |                     0  |           0  |           0  |  00:00:00  |
|  HD Interface Net Replication  |            0  |              0  |                     0  |           0  |           1  |  00:00:00  |
|  Total                         |            0  |              0  |                     0  |           0  |           2  |  00:00:00  |
----------------------------------------------------------------------------------------------------------------------------------------


Phase 2.2 Physical Synthesis In Placer | Checksum: 1b789026c

Time (s): cpu = 00:00:03 ; elapsed = 00:00:02 . Memory (MB): peak = 1356.266 ; gain = 0.000
Phase 2 Global Placement | Checksum: 122226670

Time (s): cpu = 00:00:03 ; elapsed = 00:00:02 . Memory (MB): peak = 1356.266 ; gain = 0.000

Phase 3 Detail Placement

Phase 3.1 Commit Multi Column Macros
Phase 3.1 Commit Multi Column Macros | Checksum: 122226670

Time (s): cpu = 00:00:03 ; elapsed = 00:00:02 . Memory (MB): peak = 1356.266 ; gain = 0.000

Phase 3.2 Commit Most Macros & LUTRAMs
Phase 3.2 Commit Most Macros & LUTRAMs | Checksum: 139ec67ea

Time (s): cpu = 00:00:03 ; elapsed = 00:00:02 . Memory (MB): peak = 1356.266 ; gain = 0.000

Phase 3.3 Area Swap Optimization
Phase 3.3 Area Swap Optimization | Checksum: 17404cc76

Time (s): cpu = 00:00:03 ; elapsed = 00:00:02 . Memory (MB): peak = 1356.266 ; gain = 0.000

Phase 3.4 Pipeline Register Optimization
Phase 3.4 Pipeline Register Optimization | Checksum: 17945d7b2

Time (s): cpu = 00:00:03 ; elapsed = 00:00:02 . Memory (MB): peak = 1356.266 ; gain = 0.000

Phase 3.5 Small Shape Detail Placement
Phase 3.5 Small Shape Detail Placement | Checksum: 11f5a2861

Time (s): cpu = 00:00:03 ; elapsed = 00:00:02 . Memory (MB): peak = 1356.266 ; gain = 0.000

Phase 3.6 Re-assign LUT pins
Phase 3.6 Re-assign LUT pins | Checksum: 14921b636

Time (s): cpu = 00:00:03 ; elapsed = 00:00:02 . Memory (MB): peak = 1356.266 ; gain = 0.000

Phase 3.7 Pipeline Register Optimization
Phase 3.7 Pipeline Register Optimization | Checksum: 14de0beea

Time (s): cpu = 00:00:03 ; elapsed = 00:00:02 . Memory (MB): peak = 1356.266 ; gain = 0.000
Phase 3 Detail Placement | Checksum: 14de0beea

Time (s): cpu = 00:00:03 ; elapsed = 00:00:02 . Memory (MB): peak = 1356.266 ; gain = 0.000

Phase 4 Post Placement Optimization and Clean-Up

Phase 4.1 Post Commit Optimization
INFO: [Timing 38-35] Done setting XDC timing constraints.

Phase 4.1.1 Post Placement Optimization
Post Placement Optimization Initialization | Checksum: 213ce8478

Phase 4.1.1.1 BUFG Insertion
INFO: [Place 46-46] BUFG insertion identified 0 candidate nets, 0 success, 0 bufg driver replicated, 0 skipped for placement/routing, 0 skipped for timing, 0 skipped for netlist change reason
Phase 4.1.1.1 BUFG Insertion | Checksum: 213ce8478

Time (s): cpu = 00:00:03 ; elapsed = 00:00:02 . Memory (MB): peak = 1356.266 ; gain = 0.000
INFO: [Place 30-746] Post Placement Timing Summary WNS=4.453. For the most accurate timing information please run report_timing.
Phase 4.1.1 Post Placement Optimization | Checksum: 2e026e416

Time (s): cpu = 00:00:03 ; elapsed = 00:00:02 . Memory (MB): peak = 1356.266 ; gain = 0.000
Phase 4.1 Post Commit Optimization | Checksum: 2e026e416

Time (s): cpu = 00:00:03 ; elapsed = 00:00:02 . Memory (MB): peak = 1356.266 ; gain = 0.000

Phase 4.2 Post Placement Cleanup
Phase 4.2 Post Placement Cleanup | Checksum: 2e026e416

Time (s): cpu = 00:00:03 ; elapsed = 00:00:02 . Memory (MB): peak = 1356.266 ; gain = 0.000

Phase 4.3 Placer Reporting
Phase 4.3 Placer Reporting | Checksum: 2e026e416

Time (s): cpu = 00:00:03 ; elapsed = 00:00:02 . Memory (MB): peak = 1356.266 ; gain = 0.000

Phase 4.4 Final Placement Cleanup
Netlist sorting complete. Time (s): cpu = 00:00:00 ; elapsed = 00:00:00.001 . Memory (MB): peak = 1356.266 ; gain = 0.000
Phase 4.4 Final Placement Cleanup | Checksum: 23a5e70a4

Time (s): cpu = 00:00:03 ; elapsed = 00:00:02 . Memory (MB): peak = 1356.266 ; gain = 0.000
Phase 4 Post Placement Optimization and Clean-Up | Checksum: 23a5e70a4

Time (s): cpu = 00:00:03 ; elapsed = 00:00:02 . Memory (MB): peak = 1356.266 ; gain = 0.000
Ending Placer Task | Checksum: 154a4ee20

Time (s): cpu = 00:00:03 ; elapsed = 00:00:02 . Memory (MB): peak = 1356.266 ; gain = 0.000
INFO: [Common 17-83] Releasing license: Implementation
59 Infos, 4 Warnings, 4 Critical Warnings and 0 Errors encountered.
place_design completed successfully
Netlist sorting complete. Time (s): cpu = 00:00:00 ; elapsed = 00:00:00 . Memory (MB): peak = 1356.266 ; gain = 0.000
INFO: [Timing 38-480] Writing timing data to binary archive.
Writing placer database...
Writing XDEF routing.
Writing XDEF routing logical nets.
Writing XDEF routing special nets.
Write XDEF Complete: Time (s): cpu = 00:00:00 ; elapsed = 00:00:00.087 . Memory (MB): peak = 1356.266 ; gain = 0.000
Netlist sorting complete. Time (s): cpu = 00:00:00 ; elapsed = 00:00:00 . Memory (MB): peak = 1356.266 ; gain = 0.000
INFO: [Common 17-1381] The checkpoint 'C:/DATA/HW SYN LAB/Final Project/Undertale/Undertale.runs/impl_1/Top_placed.dcp' has been generated.
INFO: [runtcl-4] Executing : report_io -file Top_io_placed.rpt
report_io: Time (s): cpu = 00:00:00 ; elapsed = 00:00:00.044 . Memory (MB): peak = 1356.266 ; gain = 0.000
INFO: [runtcl-4] Executing : report_utilization -file Top_utilization_placed.rpt -pb Top_utilization_placed.pb
INFO: [runtcl-4] Executing : report_control_sets -verbose -file Top_control_sets_placed.rpt
report_control_sets: Time (s): cpu = 00:00:00 ; elapsed = 00:00:00.002 . Memory (MB): peak = 1356.266 ; gain = 0.000
Command: route_design
Attempting to get a license for feature 'Implementation' and/or device 'xc7a35t'
INFO: [Common 17-349] Got license for feature 'Implementation' and/or device 'xc7a35t'
Running DRC as a precondition to command route_design
INFO: [DRC 23-27] Running DRC with 2 threads
INFO: [Vivado_Tcl 4-198] DRC finished with 0 Errors
INFO: [Vivado_Tcl 4-199] Please refer to the DRC report (report_drc) for more information.


Starting Routing Task
INFO: [Route 35-254] Multithreading enabled for route_design using a maximum of 2 CPUs
Checksum: PlaceDB: fef1b97b ConstDB: 0 ShapeSum: 55b334a5 RouteDB: 0

Phase 1 Build RT Design
Phase 1 Build RT Design | Checksum: 11268c634

Time (s): cpu = 00:00:25 ; elapsed = 00:00:22 . Memory (MB): peak = 1381.742 ; gain = 25.477
Post Restoration Checksum: NetGraph: ddf53c64 NumContArr: 347389d0 Constraints: 0 Timing: 0

Phase 2 Router Initialization

Phase 2.1 Create Timer
Phase 2.1 Create Timer | Checksum: 11268c634

Time (s): cpu = 00:00:25 ; elapsed = 00:00:22 . Memory (MB): peak = 1407.969 ; gain = 51.703

Phase 2.2 Fix Topology Constraints
Phase 2.2 Fix Topology Constraints | Checksum: 11268c634

Time (s): cpu = 00:00:25 ; elapsed = 00:00:22 . Memory (MB): peak = 1413.996 ; gain = 57.730

Phase 2.3 Pre Route Cleanup
Phase 2.3 Pre Route Cleanup | Checksum: 11268c634

Time (s): cpu = 00:00:25 ; elapsed = 00:00:22 . Memory (MB): peak = 1413.996 ; gain = 57.730
 Number of Nodes with overlaps = 0

Phase 2.4 Update Timing
Phase 2.4 Update Timing | Checksum: 25e13977b

Time (s): cpu = 00:00:25 ; elapsed = 00:00:22 . Memory (MB): peak = 1417.754 ; gain = 61.488
INFO: [Route 35-416] Intermediate Timing Summary | WNS=4.495  | TNS=0.000  | WHS=-0.099 | THS=-0.818 |

Phase 2 Router Initialization | Checksum: 1b35a6aef

Time (s): cpu = 00:00:25 ; elapsed = 00:00:22 . Memory (MB): peak = 1417.754 ; gain = 61.488

Phase 3 Initial Routing
Phase 3 Initial Routing | Checksum: 1aff4d8ab

Time (s): cpu = 00:00:25 ; elapsed = 00:00:22 . Memory (MB): peak = 1417.754 ; gain = 61.488

Phase 4 Rip-up And Reroute

Phase 4.1 Global Iteration 0
 Number of Nodes with overlaps = 7
 Number of Nodes with overlaps = 0
INFO: [Route 35-416] Intermediate Timing Summary | WNS=4.589  | TNS=0.000  | WHS=N/A    | THS=N/A    |

Phase 4.1 Global Iteration 0 | Checksum: 132a583b0

Time (s): cpu = 00:00:25 ; elapsed = 00:00:23 . Memory (MB): peak = 1417.754 ; gain = 61.488
Phase 4 Rip-up And Reroute | Checksum: 132a583b0

Time (s): cpu = 00:00:25 ; elapsed = 00:00:23 . Memory (MB): peak = 1417.754 ; gain = 61.488

Phase 5 Delay and Skew Optimization

Phase 5.1 Delay CleanUp

Phase 5.1.1 Update Timing
Phase 5.1.1 Update Timing | Checksum: 11af5fd16

Time (s): cpu = 00:00:25 ; elapsed = 00:00:23 . Memory (MB): peak = 1417.754 ; gain = 61.488
INFO: [Route 35-416] Intermediate Timing Summary | WNS=4.668  | TNS=0.000  | WHS=N/A    | THS=N/A    |

Phase 5.1 Delay CleanUp | Checksum: 11af5fd16

Time (s): cpu = 00:00:25 ; elapsed = 00:00:23 . Memory (MB): peak = 1417.754 ; gain = 61.488

Phase 5.2 Clock Skew Optimization
Phase 5.2 Clock Skew Optimization | Checksum: 11af5fd16

Time (s): cpu = 00:00:25 ; elapsed = 00:00:23 . Memory (MB): peak = 1417.754 ; gain = 61.488
Phase 5 Delay and Skew Optimization | Checksum: 11af5fd16

Time (s): cpu = 00:00:25 ; elapsed = 00:00:23 . Memory (MB): peak = 1417.754 ; gain = 61.488

Phase 6 Post Hold Fix

Phase 6.1 Hold Fix Iter

Phase 6.1.1 Update Timing
Phase 6.1.1 Update Timing | Checksum: c3249c98

Time (s): cpu = 00:00:26 ; elapsed = 00:00:23 . Memory (MB): peak = 1417.754 ; gain = 61.488
INFO: [Route 35-416] Intermediate Timing Summary | WNS=4.668  | TNS=0.000  | WHS=0.213  | THS=0.000  |

Phase 6.1 Hold Fix Iter | Checksum: 13dde8e2d

Time (s): cpu = 00:00:26 ; elapsed = 00:00:23 . Memory (MB): peak = 1417.754 ; gain = 61.488
Phase 6 Post Hold Fix | Checksum: 13dde8e2d

Time (s): cpu = 00:00:26 ; elapsed = 00:00:23 . Memory (MB): peak = 1417.754 ; gain = 61.488

Phase 7 Route finalize

Router Utilization Summary
  Global Vertical Routing Utilization    = 0.0389062 %
  Global Horizontal Routing Utilization  = 0.0718376 %
  Routable Net Status*
  *Does not include unroutable nets such as driverless and loadless.
  Run report_route_status for detailed report.
  Number of Failed Nets               = 0
  Number of Unrouted Nets             = 0
  Number of Partially Routed Nets     = 0
  Number of Node Overlaps             = 0

Phase 7 Route finalize | Checksum: 1916cb704

Time (s): cpu = 00:00:26 ; elapsed = 00:00:23 . Memory (MB): peak = 1417.754 ; gain = 61.488

Phase 8 Verifying routed nets

 Verification completed successfully
Phase 8 Verifying routed nets | Checksum: 1916cb704

Time (s): cpu = 00:00:26 ; elapsed = 00:00:23 . Memory (MB): peak = 1419.438 ; gain = 63.172

Phase 9 Depositing Routes
Phase 9 Depositing Routes | Checksum: 1c14168e8

Time (s): cpu = 00:00:26 ; elapsed = 00:00:23 . Memory (MB): peak = 1419.438 ; gain = 63.172

Phase 10 Post Router Timing
INFO: [Route 35-57] Estimated Timing Summary | WNS=4.668  | TNS=0.000  | WHS=0.213  | THS=0.000  |

INFO: [Route 35-327] The final timing numbers are based on the router estimated timing analysis. For a complete and accurate timing signoff, please run report_timing_summary.
Phase 10 Post Router Timing | Checksum: 1c14168e8

Time (s): cpu = 00:00:26 ; elapsed = 00:00:23 . Memory (MB): peak = 1419.438 ; gain = 63.172
INFO: [Route 35-16] Router Completed Successfully

Time (s): cpu = 00:00:26 ; elapsed = 00:00:23 . Memory (MB): peak = 1419.438 ; gain = 63.172

Routing Is Done.
INFO: [Common 17-83] Releasing license: Implementation
77 Infos, 4 Warnings, 4 Critical Warnings and 0 Errors encountered.
route_design completed successfully
route_design: Time (s): cpu = 00:00:27 ; elapsed = 00:00:23 . Memory (MB): peak = 1419.438 ; gain = 63.172
Netlist sorting complete. Time (s): cpu = 00:00:00 ; elapsed = 00:00:00 . Memory (MB): peak = 1419.438 ; gain = 0.000
INFO: [Timing 38-480] Writing timing data to binary archive.
Writing placer database...
Writing XDEF routing.
Writing XDEF routing logical nets.
Writing XDEF routing special nets.
Write XDEF Complete: Time (s): cpu = 00:00:00 ; elapsed = 00:00:00.068 . Memory (MB): peak = 1419.438 ; gain = 0.000
Netlist sorting complete. Time (s): cpu = 00:00:00 ; elapsed = 00:00:00 . Memory (MB): peak = 1419.438 ; gain = 0.000
INFO: [Common 17-1381] The checkpoint 'C:/DATA/HW SYN LAB/Final Project/Undertale/Undertale.runs/impl_1/Top_routed.dcp' has been generated.
INFO: [runtcl-4] Executing : report_drc -file Top_drc_routed.rpt -pb Top_drc_routed.pb -rpx Top_drc_routed.rpx
Command: report_drc -file Top_drc_routed.rpt -pb Top_drc_routed.pb -rpx Top_drc_routed.rpx
INFO: [IP_Flow 19-1839] IP Catalog is up to date.
INFO: [DRC 23-27] Running DRC with 2 threads
INFO: [Coretcl 2-168] The results of DRC are in file C:/DATA/HW SYN LAB/Final Project/Undertale/Undertale.runs/impl_1/Top_drc_routed.rpt.
report_drc completed successfully
INFO: [runtcl-4] Executing : report_methodology -file Top_methodology_drc_routed.rpt -pb Top_methodology_drc_routed.pb -rpx Top_methodology_drc_routed.rpx
Command: report_methodology -file Top_methodology_drc_routed.rpt -pb Top_methodology_drc_routed.pb -rpx Top_methodology_drc_routed.rpx
INFO: [Timing 38-35] Done setting XDC timing constraints.
INFO: [DRC 23-133] Running Methodology with 2 threads
INFO: [Coretcl 2-1520] The results of Report Methodology are in file C:/DATA/HW SYN LAB/Final Project/Undertale/Undertale.runs/impl_1/Top_methodology_drc_routed.rpt.
report_methodology completed successfully
INFO: [runtcl-4] Executing : report_power -file Top_power_routed.rpt -pb Top_power_summary_routed.pb -rpx Top_power_routed.rpx
Command: report_power -file Top_power_routed.rpt -pb Top_power_summary_routed.pb -rpx Top_power_routed.rpx
INFO: [Timing 38-35] Done setting XDC timing constraints.
Running Vector-less Activity Propagation...

Finished Running Vector-less Activity Propagation
89 Infos, 4 Warnings, 4 Critical Warnings and 0 Errors encountered.
report_power completed successfully
INFO: [runtcl-4] Executing : report_route_status -file Top_route_status.rpt -pb Top_route_status.pb
INFO: [runtcl-4] Executing : report_timing_summary -max_paths 10 -file Top_timing_summary_routed.rpt -pb Top_timing_summary_routed.pb -rpx Top_timing_summary_routed.rpx -warn_on_violation 
INFO: [Timing 38-91] UpdateTimingParams: Speed grade: -1, Delay Type: min_max.
INFO: [Timing 38-191] Multithreading enabled for timing update using a maximum of 2 CPUs
INFO: [runtcl-4] Executing : report_incremental_reuse -file Top_incremental_reuse_routed.rpt
INFO: [Vivado_Tcl 4-1062] Incremental flow is disabled. No incremental reuse Info to report.
INFO: [runtcl-4] Executing : report_clock_utilization -file Top_clock_utilization_routed.rpt
INFO: [runtcl-4] Executing : report_bus_skew -warn_on_violation -file Top_bus_skew_routed.rpt -pb Top_bus_skew_routed.pb -rpx Top_bus_skew_routed.rpx
INFO: [Timing 38-91] UpdateTimingParams: Speed grade: -1, Delay Type: min_max.
INFO: [Timing 38-191] Multithreading enabled for timing update using a maximum of 2 CPUs
Command: write_bitstream -force Top.bit
Attempting to get a license for feature 'Implementation' and/or device 'xc7a35t'
INFO: [Common 17-349] Got license for feature 'Implementation' and/or device 'xc7a35t'
Running DRC as a precondition to command write_bitstream
INFO: [IP_Flow 19-1839] IP Catalog is up to date.
INFO: [DRC 23-27] Running DRC with 2 threads
INFO: [Vivado 12-3199] DRC finished with 0 Errors
INFO: [Vivado 12-3200] Please refer to the DRC report (report_drc) for more information.
INFO: [Designutils 20-2272] Running write_bitstream with 2 threads.
Loading data files...
Loading site data...
Loading route data...
Processing options...
Creating bitmap...
Creating bitstream...
Writing bitstream ./Top.bit...
INFO: [Vivado 12-1842] Bitgen Completed Successfully.
INFO: [Project 1-120] WebTalk data collection is mandatory when using a WebPACK part without a full Vivado license. To see the specific WebTalk data collected for your design, open the usage_statistics_webtalk.html or usage_statistics_webtalk.xml file in the implementation directory.
Access is denied.
Access is denied.
INFO: [Common 17-83] Releasing license: Implementation
108 Infos, 4 Warnings, 4 Critical Warnings and 0 Errors encountered.
write_bitstream completed successfully
write_bitstream: Time (s): cpu = 00:00:14 ; elapsed = 00:00:13 . Memory (MB): peak = 1850.480 ; gain = 399.094
INFO: [Common 17-206] Exiting Vivado at Tue Jun  2 03:18:44 2020...
