Copyright 1986-2018 Xilinx, Inc. All Rights Reserved.
------------------------------------------------------------------------------------
| Tool Version : Vivado v.2018.3 (win64) Build 2405991 Thu Dec  6 23:38:27 MST 2018
| Date         : Tue Jun  2 23:47:42 2020
| Host         : LAPTOP-7T79T52Q running 64-bit major release  (build 9200)
| Command      : report_control_sets -verbose -file Top_control_sets_placed.rpt
| Design       : Top
| Device       : xc7a35t
------------------------------------------------------------------------------------

Control Set Information

Table of Contents
-----------------
1. Summary
2. Histogram
3. Flip-Flop Distribution
4. Detailed Control Set Information

1. Summary
----------

+----------------------------------------------------------+-------+
|                          Status                          | Count |
+----------------------------------------------------------+-------+
| Number of unique control sets                            |     8 |
| Unused register locations in slices containing registers |    43 |
+----------------------------------------------------------+-------+


2. Histogram
------------

+--------+--------------+
| Fanout | Control Sets |
+--------+--------------+
|      4 |            2 |
|      9 |            1 |
|     10 |            4 |
|     12 |            1 |
+--------+--------------+


3. Flip-Flop Distribution
-------------------------

+--------------+-----------------------+------------------------+-----------------+--------------+
| Clock Enable | Synchronous Set/Reset | Asynchronous Set/Reset | Total Registers | Total Slices |
+--------------+-----------------------+------------------------+-----------------+--------------+
| No           | No                    | No                     |               8 |            4 |
| No           | No                    | Yes                    |               0 |            0 |
| No           | Yes                   | No                     |              12 |            6 |
| Yes          | No                    | No                     |              29 |           11 |
| Yes          | No                    | Yes                    |               0 |            0 |
| Yes          | Yes                   | No                     |              20 |            5 |
+--------------+-----------------------+------------------------+-----------------+--------------+


4. Detailed Control Set Information
-----------------------------------

+----------------+---------------------------+-------------------------------+------------------+----------------+
|  Clock Signal  |       Enable Signal       |        Set/Reset Signal       | Slice Load Count | Bel Load Count |
+----------------+---------------------------+-------------------------------+------------------+----------------+
|  CLK_IBUF_BUFG |                           |                               |                1 |              4 |
|  PixCLK_BUFG   |                           |                               |                3 |              4 |
|  PixCLK_BUFG   | BeeDisplay/BeeY           |                               |                3 |              9 |
|  CLK_IBUF_BUFG | display/V_SCAN[9]_i_1_n_0 |                               |                4 |             10 |
|  CLK_IBUF_BUFG | PixCLK_BUFG               | display/H_SCAN                |                3 |             10 |
|  PixCLK_BUFG   | BeeDisplay/BeeX           |                               |                4 |             10 |
|  PixCLK_BUFG   | BeeDisplay/address        | BeeDisplay/address[9]_i_1_n_0 |                2 |             10 |
|  PixCLK_BUFG   |                           | BeeDisplay/SR[0]              |                6 |             12 |
+----------------+---------------------------+-------------------------------+------------------+----------------+


